{"C:\\Users\\reddy\\Downloads\\ClinChat-style-RAG-app\\frontend\\src\\App.tsx": {"path":"C:\\Users\\reddy\\Downloads\\ClinChat-style-RAG-app\\frontend\\src\\App.tsx","statementMap":{"0":{"start":{"line":7,"column":14},"end":{"line":17,"column":2}},"1":{"start":{"line":20,"column":2},"end":{"line":29,"column":4}}},"fnMap":{"0":{"name":"App","decl":{"start":{"line":19,"column":9},"end":{"line":19,"column":12}},"loc":{"start":{"line":19,"column":15},"end":{"line":30,"column":1}},"line":19}},"branchMap":{},"s":{"0":0,"1":0},"f":{"0":0},"b":{}}
,"C:\\Users\\reddy\\Downloads\\ClinChat-style-RAG-app\\frontend\\src\\index.tsx": {"path":"C:\\Users\\reddy\\Downloads\\ClinChat-style-RAG-app\\frontend\\src\\index.tsx","statementMap":{"0":{"start":{"line":6,"column":13},"end":{"line":8,"column":1}},"1":{"start":{"line":9,"column":0},"end":{"line":13,"column":2}}},"fnMap":{},"branchMap":{},"s":{"0":0,"1":0},"f":{},"b":{}}
,"C:\\Users\\reddy\\Downloads\\ClinChat-style-RAG-app\\frontend\\src\\components\\HealthAI.tsx": {"path":"C:\\Users\\reddy\\Downloads\\ClinChat-style-RAG-app\\frontend\\src\\components\\HealthAI.tsx","statementMap":{"0":{"start":{"line":48,"column":27},"end":{"line":378,"column":1}},"1":{"start":{"line":49,"column":34},"end":{"line":56,"column":4}},"2":{"start":{"line":57,"column":38},"end":{"line":57,"column":50}},"3":{"start":{"line":58,"column":36},"end":{"line":58,"column":51}},"4":{"start":{"line":59,"column":36},"end":{"line":59,"column":56}},"5":{"start":{"line":60,"column":25},"end":{"line":60,"column":53}},"6":{"start":{"line":63,"column":2},"end":{"line":65,"column":17}},"7":{"start":{"line":64,"column":4},"end":{"line":64,"column":67}},"8":{"start":{"line":68,"column":2},"end":{"line":81,"column":9}},"9":{"start":{"line":69,"column":24},"end":{"line":79,"column":5}},"10":{"start":{"line":70,"column":6},"end":{"line":78,"column":7}},"11":{"start":{"line":71,"column":25},"end":{"line":74,"column":10}},"12":{"start":{"line":75,"column":8},"end":{"line":75,"column":46}},"13":{"start":{"line":77,"column":8},"end":{"line":77,"column":62}},"14":{"start":{"line":80,"column":4},"end":{"line":80,"column":18}},"15":{"start":{"line":84,"column":24},"end":{"line":99,"column":3}},"16":{"start":{"line":85,"column":4},"end":{"line":98,"column":5}},"17":{"start":{"line":86,"column":23},"end":{"line":89,"column":8}},"18":{"start":{"line":90,"column":6},"end":{"line":90,"column":27}},"19":{"start":{"line":92,"column":6},"end":{"line":92,"column":55}},"20":{"start":{"line":93,"column":6},"end":{"line":97,"column":8}},"21":{"start":{"line":102,"column":22},"end":{"line":167,"column":3}},"22":{"start":{"line":105,"column":25},"end":{"line":105,"column":51}},"23":{"start":{"line":107,"column":6},"end":{"line":109,"column":7}},"24":{"start":{"line":108,"column":8},"end":{"line":108,"column":83}},"25":{"start":{"line":112,"column":23},"end":{"line":119,"column":8}},"26":{"start":{"line":121,"column":6},"end":{"line":124,"column":8}},"27":{"start":{"line":129,"column":41},"end":{"line":134,"column":9}},"28":{"start":{"line":137,"column":39},"end":{"line":148,"column":9}},"29":{"start":{"line":150,"column":8},"end":{"line":150,"column":63}},"30":{"start":{"line":150,"column":28},"end":{"line":150,"column":61}},"31":{"start":{"line":151,"column":8},"end":{"line":151,"column":26}},"32":{"start":{"line":152,"column":8},"end":{"line":152,"column":28}},"33":{"start":{"line":155,"column":42},"end":{"line":160,"column":9}},"34":{"start":{"line":162,"column":8},"end":{"line":162,"column":53}},"35":{"start":{"line":162,"column":28},"end":{"line":162,"column":51}},"36":{"start":{"line":163,"column":8},"end":{"line":163,"column":26}},"37":{"start":{"line":164,"column":8},"end":{"line":164,"column":28}},"38":{"start":{"line":169,"column":23},"end":{"line":175,"column":3}},"39":{"start":{"line":170,"column":4},"end":{"line":170,"column":23}},"40":{"start":{"line":171,"column":4},"end":{"line":171,"column":48}},"41":{"start":{"line":171,"column":41},"end":{"line":171,"column":48}},"42":{"start":{"line":173,"column":4},"end":{"line":173,"column":23}},"43":{"start":{"line":174,"column":4},"end":{"line":174,"column":35}},"44":{"start":{"line":177,"column":23},"end":{"line":185,"column":3}},"45":{"start":{"line":178,"column":4},"end":{"line":184,"column":5}},"46":{"start":{"line":179,"column":18},"end":{"line":179,"column":35}},"47":{"start":{"line":180,"column":21},"end":{"line":180,"column":38}},"48":{"start":{"line":181,"column":19},"end":{"line":181,"column":34}},"49":{"start":{"line":182,"column":23},"end":{"line":182,"column":38}},"50":{"start":{"line":183,"column":15},"end":{"line":183,"column":32}},"51":{"start":{"line":187,"column":2},"end":{"line":377,"column":4}},"52":{"start":{"line":238,"column":14},"end":{"line":294,"column":20}},"53":{"start":{"line":310,"column":35},"end":{"line":310,"column":64}}},"fnMap":{"0":{"name":"(anonymous_0)","decl":{"start":{"line":48,"column":27},"end":{"line":48,"column":28}},"loc":{"start":{"line":48,"column":33},"end":{"line":378,"column":1}},"line":48},"1":{"name":"(anonymous_1)","decl":{"start":{"line":63,"column":12},"end":{"line":63,"column":13}},"loc":{"start":{"line":63,"column":18},"end":{"line":65,"column":3}},"line":63},"2":{"name":"(anonymous_2)","decl":{"start":{"line":68,"column":12},"end":{"line":68,"column":13}},"loc":{"start":{"line":68,"column":18},"end":{"line":81,"column":3}},"line":68},"3":{"name":"(anonymous_3)","decl":{"start":{"line":69,"column":24},"end":{"line":69,"column":25}},"loc":{"start":{"line":69,"column":36},"end":{"line":79,"column":5}},"line":69},"4":{"name":"(anonymous_4)","decl":{"start":{"line":84,"column":24},"end":{"line":84,"column":25}},"loc":{"start":{"line":84,"column":78},"end":{"line":99,"column":3}},"line":84},"5":{"name":"(anonymous_5)","decl":{"start":{"line":103,"column":4},"end":{"line":103,"column":5}},"loc":{"start":{"line":103,"column":29},"end":{"line":125,"column":5}},"line":103},"6":{"name":"(anonymous_6)","decl":{"start":{"line":127,"column":17},"end":{"line":127,"column":18}},"loc":{"start":{"line":127,"column":27},"end":{"line":153,"column":7}},"line":127},"7":{"name":"(anonymous_7)","decl":{"start":{"line":150,"column":20},"end":{"line":150,"column":21}},"loc":{"start":{"line":150,"column":28},"end":{"line":150,"column":61}},"line":150},"8":{"name":"(anonymous_8)","decl":{"start":{"line":154,"column":15},"end":{"line":154,"column":16}},"loc":{"start":{"line":154,"column":33},"end":{"line":165,"column":7}},"line":154},"9":{"name":"(anonymous_9)","decl":{"start":{"line":162,"column":20},"end":{"line":162,"column":21}},"loc":{"start":{"line":162,"column":28},"end":{"line":162,"column":51}},"line":162},"10":{"name":"(anonymous_10)","decl":{"start":{"line":169,"column":23},"end":{"line":169,"column":24}},"loc":{"start":{"line":169,"column":47},"end":{"line":175,"column":3}},"line":169},"11":{"name":"(anonymous_11)","decl":{"start":{"line":177,"column":23},"end":{"line":177,"column":24}},"loc":{"start":{"line":177,"column":42},"end":{"line":185,"column":3}},"line":177},"12":{"name":"(anonymous_12)","decl":{"start":{"line":237,"column":26},"end":{"line":237,"column":27}},"loc":{"start":{"line":238,"column":14},"end":{"line":294,"column":20}},"line":238},"13":{"name":"(anonymous_13)","decl":{"start":{"line":310,"column":28},"end":{"line":310,"column":29}},"loc":{"start":{"line":310,"column":35},"end":{"line":310,"column":64}},"line":310}},"branchMap":{"0":{"loc":{"start":{"line":107,"column":6},"end":{"line":109,"column":7}},"type":"if","locations":[{"start":{"line":107,"column":6},"end":{"line":109,"column":7}},{"start":{},"end":{}}],"line":107},"1":{"loc":{"start":{"line":113,"column":15},"end":{"line":113,"column":48}},"type":"binary-expr","locations":[{"start":{"line":113,"column":15},"end":{"line":113,"column":39}},{"start":{"line":113,"column":43},"end":{"line":113,"column":48}}],"line":113},"2":{"loc":{"start":{"line":171,"column":4},"end":{"line":171,"column":48}},"type":"if","locations":[{"start":{"line":171,"column":4},"end":{"line":171,"column":48}},{"start":{},"end":{}}],"line":171},"3":{"loc":{"start":{"line":171,"column":8},"end":{"line":171,"column":39}},"type":"binary-expr","locations":[{"start":{"line":171,"column":8},"end":{"line":171,"column":26}},{"start":{"line":171,"column":30},"end":{"line":171,"column":39}}],"line":171},"4":{"loc":{"start":{"line":178,"column":4},"end":{"line":184,"column":5}},"type":"switch","locations":[{"start":{"line":179,"column":6},"end":{"line":179,"column":35}},{"start":{"line":180,"column":6},"end":{"line":180,"column":38}},{"start":{"line":181,"column":6},"end":{"line":181,"column":34}},{"start":{"line":182,"column":6},"end":{"line":182,"column":38}},{"start":{"line":183,"column":6},"end":{"line":183,"column":32}}],"line":178},"5":{"loc":{"start":{"line":242,"column":29},"end":{"line":243,"column":77}},"type":"cond-expr","locations":[{"start":{"line":242,"column":55},"end":{"line":242,"column":70}},{"start":{"line":243,"column":29},"end":{"line":243,"column":77}}],"line":242},"6":{"loc":{"start":{"line":243,"column":29},"end":{"line":243,"column":77}},"type":"cond-expr","locations":[{"start":{"line":243,"column":57},"end":{"line":243,"column":67}},{"start":{"line":243,"column":70},"end":{"line":243,"column":77}}],"line":243},"7":{"loc":{"start":{"line":244,"column":27},"end":{"line":244,"column":77}},"type":"cond-expr","locations":[{"start":{"line":244,"column":53},"end":{"line":244,"column":60}},{"start":{"line":244,"column":63},"end":{"line":244,"column":77}}],"line":244},"8":{"loc":{"start":{"line":245,"column":24},"end":{"line":245,"column":55}},"type":"cond-expr","locations":[{"start":{"line":245,"column":50},"end":{"line":245,"column":51}},{"start":{"line":245,"column":54},"end":{"line":245,"column":55}}],"line":245},"9":{"loc":{"start":{"line":246,"column":24},"end":{"line":246,"column":55}},"type":"cond-expr","locations":[{"start":{"line":246,"column":50},"end":{"line":246,"column":51}},{"start":{"line":246,"column":54},"end":{"line":246,"column":55}}],"line":246},"10":{"loc":{"start":{"line":255,"column":21},"end":{"line":287,"column":21}},"type":"binary-expr","locations":[{"start":{"line":255,"column":21},"end":{"line":255,"column":37}},{"start":{"line":256,"column":22},"end":{"line":286,"column":28}}],"line":255},"11":{"loc":{"start":{"line":257,"column":25},"end":{"line":263,"column":25}},"type":"binary-expr","locations":[{"start":{"line":257,"column":25},"end":{"line":257,"column":54}},{"start":{"line":258,"column":26},"end":{"line":262,"column":28}}],"line":257},"12":{"loc":{"start":{"line":264,"column":25},"end":{"line":270,"column":25}},"type":"binary-expr","locations":[{"start":{"line":264,"column":25},"end":{"line":264,"column":47}},{"start":{"line":265,"column":26},"end":{"line":269,"column":28}}],"line":264},"13":{"loc":{"start":{"line":271,"column":25},"end":{"line":277,"column":25}},"type":"binary-expr","locations":[{"start":{"line":271,"column":25},"end":{"line":271,"column":52}},{"start":{"line":272,"column":26},"end":{"line":276,"column":28}}],"line":271},"14":{"loc":{"start":{"line":278,"column":25},"end":{"line":285,"column":25}},"type":"binary-expr","locations":[{"start":{"line":278,"column":25},"end":{"line":278,"column":55}},{"start":{"line":279,"column":26},"end":{"line":284,"column":28}}],"line":278},"15":{"loc":{"start":{"line":320,"column":32},"end":{"line":320,"column":63}},"type":"binary-expr","locations":[{"start":{"line":320,"column":32},"end":{"line":320,"column":50}},{"start":{"line":320,"column":54},"end":{"line":320,"column":63}}],"line":320},"16":{"loc":{"start":{"line":328,"column":23},"end":{"line":328,"column":80}},"type":"cond-expr","locations":[{"start":{"line":328,"column":35},"end":{"line":328,"column":65}},{"start":{"line":328,"column":68},"end":{"line":328,"column":80}}],"line":328}},"s":{"0":1,"1":2,"2":2,"3":2,"4":2,"5":2,"6":2,"7":2,"8":2,"9":2,"10":2,"11":2,"12":2,"13":2,"14":2,"15":2,"16":0,"17":0,"18":0,"19":0,"20":0,"21":2,"22":0,"23":0,"24":0,"25":0,"26":0,"27":0,"28":0,"29":0,"30":0,"31":0,"32":0,"33":0,"34":0,"35":0,"36":0,"37":0,"38":2,"39":0,"40":0,"41":0,"42":0,"43":0,"44":2,"45":0,"46":0,"47":0,"48":0,"49":0,"50":0,"51":2,"52":2,"53":0},"f":{"0":2,"1":2,"2":2,"3":2,"4":0,"5":0,"6":0,"7":0,"8":0,"9":0,"10":0,"11":0,"12":2,"13":0},"b":{"0":[0,0],"1":[0,0],"2":[0,0],"3":[0,0],"4":[0,0,0,0,0],"5":[0,2],"6":[2,0],"7":[0,2],"8":[0,2],"9":[0,2],"10":[2,0],"11":[0,0],"12":[0,0],"13":[0,0],"14":[0,0],"15":[2,0],"16":[0,2]},"_coverageSchema":"1a1c01bbd47fc00a2c39e90264f33305004495a9","hash":"54f68b8560f1ac3e001ab117b084b1a462a2ba24"}
}
