TN:
SF:src\App.tsx
FN:19,App
FNF:1
FNH:0
FNDA:0,App
DA:7,0
DA:20,0
LF:2
LH:0
BRF:0
BRH:0
end_of_record
TN:
SF:src\index.tsx
FNF:0
FNH:0
DA:6,0
DA:9,0
LF:2
LH:0
BRF:0
BRH:0
end_of_record
TN:
SF:src\components\HealthAI.tsx
FN:48,(anonymous_0)
FN:63,(anonymous_1)
FN:68,(anonymous_2)
FN:69,(anonymous_3)
FN:84,(anonymous_4)
FN:103,(anonymous_5)
FN:127,(anonymous_6)
FN:150,(anonymous_7)
FN:154,(anonymous_8)
FN:162,(anonymous_9)
FN:169,(anonymous_10)
FN:177,(anonymous_11)
FN:237,(anonymous_12)
FN:310,(anonymous_13)
FNF:14
FNH:5
FNDA:2,(anonymous_0)
FNDA:2,(anonymous_1)
FNDA:2,(anonymous_2)
FNDA:2,(anonymous_3)
FNDA:0,(anonymous_4)
FNDA:0,(anonymous_5)
FNDA:0,(anonymous_6)
FNDA:0,(anonymous_7)
FNDA:0,(anonymous_8)
FNDA:0,(anonymous_9)
FNDA:0,(anonymous_10)
FNDA:0,(anonymous_11)
FNDA:2,(anonymous_12)
FNDA:0,(anonymous_13)
DA:48,1
DA:49,2
DA:57,2
DA:58,2
DA:59,2
DA:60,2
DA:63,2
DA:64,2
DA:68,2
DA:69,2
DA:70,2
DA:71,2
DA:75,2
DA:77,2
DA:80,2
DA:84,2
DA:85,0
DA:86,0
DA:90,0
DA:92,0
DA:93,0
DA:102,2
DA:105,0
DA:107,0
DA:108,0
DA:112,0
DA:121,0
DA:129,0
DA:137,0
DA:150,0
DA:151,0
DA:152,0
DA:155,0
DA:162,0
DA:163,0
DA:164,0
DA:169,2
DA:170,0
DA:171,0
DA:173,0
DA:174,0
DA:177,2
DA:178,0
DA:179,0
DA:180,0
DA:181,0
DA:182,0
DA:183,0
DA:187,2
DA:238,2
DA:310,0
LF:51
LH:21
BRDA:107,0,0,0
BRDA:107,0,1,0
BRDA:113,1,0,0
BRDA:113,1,1,0
BRDA:171,2,0,0
BRDA:171,2,1,0
BRDA:171,3,0,0
BRDA:171,3,1,0
BRDA:178,4,0,0
BRDA:178,4,1,0
BRDA:178,4,2,0
BRDA:178,4,3,0
BRDA:178,4,4,0
BRDA:242,5,0,0
BRDA:242,5,1,2
BRDA:243,6,0,2
BRDA:243,6,1,0
BRDA:244,7,0,0
BRDA:244,7,1,2
BRDA:245,8,0,0
BRDA:245,8,1,2
BRDA:246,9,0,0
BRDA:246,9,1,2
BRDA:255,10,0,2
BRDA:255,10,1,0
BRDA:257,11,0,0
BRDA:257,11,1,0
BRDA:264,12,0,0
BRDA:264,12,1,0
BRDA:271,13,0,0
BRDA:271,13,1,0
BRDA:278,14,0,0
BRDA:278,14,1,0
BRDA:320,15,0,2
BRDA:320,15,1,0
BRDA:328,16,0,0
BRDA:328,16,1,2
BRF:37
BRH:8
end_of_record
